e:\to do\maths demo project source\matrixlibrary\debug\matrixlibrary.pdb
e:\to do\maths demo project source\matrixlibrary\debug\matrixlibrary.idb
e:\to do\maths demo project source\matrixlibrary\debug\matrix2.obj
e:\to do\maths demo project source\matrixlibrary\debug\matrix3.obj
e:\to do\maths demo project source\matrixlibrary\debug\matrix4.obj
e:\to do\maths demo project source\matrixlibrary\debug\vector2.obj
e:\to do\maths demo project source\matrixlibrary\debug\vector3.obj
e:\to do\maths demo project source\matrixlibrary\debug\vector4.obj
l:\git hub saves\game project\project source\matrixlibrary\debug\matrixlibrary.idb
l:\git hub saves\game project\project source\matrixlibrary\debug\matrix2.obj
l:\git hub saves\game project\project source\matrixlibrary\debug\matrix3.obj
l:\git hub saves\game project\project source\matrixlibrary\debug\matrix4.obj
l:\git hub saves\game project\project source\matrixlibrary\debug\vector2.obj
l:\git hub saves\game project\project source\matrixlibrary\debug\vector3.obj
l:\git hub saves\game project\project source\matrixlibrary\debug\vector4.obj
l:\git hub saves\game project\project source\matrixlibrary\debug\matrixlibrary.pdb
e:\to do\maths demo project source\debug\matrixlibrary.lib
l:\git hub saves\game project\project source\debug\matrixlibrary.pdb
l:\git hub saves\game project\project source\debug\matrixlibrary.lib
l:\git hub saves\game project\project source\matrixlibrary\debug\matrixlibrary.tlog\cl.command.1.tlog
l:\git hub saves\game project\project source\matrixlibrary\debug\matrixlibrary.tlog\cl.read.1.tlog
l:\git hub saves\game project\project source\matrixlibrary\debug\matrixlibrary.tlog\cl.write.1.tlog
l:\git hub saves\game project\project source\matrixlibrary\debug\matrixlibrary.tlog\lib-link.read.1.tlog
l:\git hub saves\game project\project source\matrixlibrary\debug\matrixlibrary.tlog\lib-link.write.1.tlog
l:\git hub saves\game project\project source\matrixlibrary\debug\matrixlibrary.tlog\lib.command.1.tlog
