e:\to do\maths demo project source\temp\project2d\debug\vc140.pdb
e:\to do\maths demo project source\temp\project2d\debug\vc140.idb
e:\to do\maths demo project source\temp\project2d\debug\animation.obj
e:\to do\maths demo project source\temp\project2d\debug\application2d.obj
e:\to do\maths demo project source\temp\project2d\debug\main.obj
e:\to do\maths demo project source\temp\project2d\debug\shell.obj
e:\to do\maths demo project source\temp\project2d\debug\tank.obj
l:\git hub saves\game project\project source\temp\project2d\debug\vc140.pdb
l:\git hub saves\game project\project source\temp\project2d\debug\vc140.idb
l:\git hub saves\game project\project source\temp\project2d\debug\animation.obj
l:\git hub saves\game project\project source\temp\project2d\debug\gamestatemanager.obj
l:\git hub saves\game project\project source\temp\project2d\debug\ingamestate.obj
l:\git hub saves\game project\project source\temp\project2d\debug\main.obj
l:\git hub saves\game project\project source\temp\project2d\debug\menustate.obj
l:\git hub saves\game project\project source\temp\project2d\debug\pausestate.obj
l:\git hub saves\game project\project source\temp\project2d\debug\application2d.obj
e:\to do\maths demo project source\temp\project2d\debug\project2d.ilk
e:\to do\maths demo project source\temp\project2d\debug\project2d.exe
e:\to do\maths demo project source\temp\project2d\debug\project2d.pdb
l:\git hub saves\game project\project source\temp\project2d\debug\project2d.pdb
l:\git hub saves\game project\project source\temp\project2d\debug\project2d.vcxprojresolveassemblyreference.cache
l:\git hub saves\game project\project source\temp\project2d\debug\shell.obj
l:\git hub saves\game project\project source\temp\project2d\debug\tank.obj
l:\git hub saves\game project\project source\temp\project2d\debug\ingamestate.obj.enc
l:\git hub saves\game project\project source\temp\project2d\debug\project2d.ilk
l:\git hub saves\game project\project source\temp\project2d\debug\project2d.exe
l:\git hub saves\game project\project source\temp\project2d\debug\project2d.tlog\cl.command.1.tlog
l:\git hub saves\game project\project source\temp\project2d\debug\project2d.tlog\cl.read.1.tlog
l:\git hub saves\game project\project source\temp\project2d\debug\project2d.tlog\cl.write.1.tlog
l:\git hub saves\game project\project source\temp\project2d\debug\project2d.tlog\link.command.1.tlog
l:\git hub saves\game project\project source\temp\project2d\debug\project2d.tlog\link.read.1.tlog
l:\git hub saves\game project\project source\temp\project2d\debug\project2d.tlog\link.write.1.tlog
