  Animation.cpp
  Generating Code...
  Compiling...
  main.cpp
  Player.cpp
l:\git hub saves\game project\project source\project2d\player.cpp(8): error C2679: binary '=': no operator found which takes a right-hand operand of type 'aie::Texture *' (or there is no acceptable conversion)
  c:\program files (x86)\microsoft visual studio 14.0\vc\include\memory(570): note: could be 'std::shared_ptr<Resource<aie::Texture>> &std::shared_ptr<Resource<aie::Texture>>::operator =(const std::shared_ptr<Resource<aie::Texture>> &) noexcept'
  c:\program files (x86)\microsoft visual studio 14.0\vc\include\memory(552): note: or       'std::shared_ptr<Resource<aie::Texture>> &std::shared_ptr<Resource<aie::Texture>>::operator =(std::shared_ptr<Resource<aie::Texture>> &&) noexcept'
  l:\git hub saves\game project\project source\project2d\player.cpp(8): note: while trying to match the argument list '(TexturePtr, aie::Texture *)'
l:\git hub saves\game project\project source\project2d\player.cpp(14): error C2679: binary '=': no operator found which takes a right-hand operand of type 'aie::Texture *' (or there is no acceptable conversion)
  c:\program files (x86)\microsoft visual studio 14.0\vc\include\memory(570): note: could be 'std::shared_ptr<Resource<aie::Texture>> &std::shared_ptr<Resource<aie::Texture>>::operator =(const std::shared_ptr<Resource<aie::Texture>> &) noexcept'
  c:\program files (x86)\microsoft visual studio 14.0\vc\include\memory(552): note: or       'std::shared_ptr<Resource<aie::Texture>> &std::shared_ptr<Resource<aie::Texture>>::operator =(std::shared_ptr<Resource<aie::Texture>> &&) noexcept'
  l:\git hub saves\game project\project source\project2d\player.cpp(14): note: while trying to match the argument list '(TexturePtr, aie::Texture *)'
l:\git hub saves\game project\project source\project2d\player.cpp(15): error C2679: binary '=': no operator found which takes a right-hand operand of type 'aie::Texture *' (or there is no acceptable conversion)
  c:\program files (x86)\microsoft visual studio 14.0\vc\include\memory(570): note: could be 'std::shared_ptr<Resource<aie::Texture>> &std::shared_ptr<Resource<aie::Texture>>::operator =(const std::shared_ptr<Resource<aie::Texture>> &) noexcept'
  c:\program files (x86)\microsoft visual studio 14.0\vc\include\memory(552): note: or       'std::shared_ptr<Resource<aie::Texture>> &std::shared_ptr<Resource<aie::Texture>>::operator =(std::shared_ptr<Resource<aie::Texture>> &&) noexcept'
  l:\git hub saves\game project\project source\project2d\player.cpp(15): note: while trying to match the argument list '(TexturePtr, aie::Texture *)'
l:\git hub saves\game project\project source\project2d\player.cpp(16): error C2679: binary '=': no operator found which takes a right-hand operand of type 'aie::Texture *' (or there is no acceptable conversion)
  c:\program files (x86)\microsoft visual studio 14.0\vc\include\memory(570): note: could be 'std::shared_ptr<Resource<aie::Texture>> &std::shared_ptr<Resource<aie::Texture>>::operator =(const std::shared_ptr<Resource<aie::Texture>> &) noexcept'
  c:\program files (x86)\microsoft visual studio 14.0\vc\include\memory(552): note: or       'std::shared_ptr<Resource<aie::Texture>> &std::shared_ptr<Resource<aie::Texture>>::operator =(std::shared_ptr<Resource<aie::Texture>> &&) noexcept'
  l:\git hub saves\game project\project source\project2d\player.cpp(16): note: while trying to match the argument list '(TexturePtr, aie::Texture *)'
l:\git hub saves\game project\project source\project2d\player.cpp(17): error C2679: binary '=': no operator found which takes a right-hand operand of type 'aie::Texture *' (or there is no acceptable conversion)
  c:\program files (x86)\microsoft visual studio 14.0\vc\include\memory(570): note: could be 'std::shared_ptr<Resource<aie::Texture>> &std::shared_ptr<Resource<aie::Texture>>::operator =(const std::shared_ptr<Resource<aie::Texture>> &) noexcept'
  c:\program files (x86)\microsoft visual studio 14.0\vc\include\memory(552): note: or       'std::shared_ptr<Resource<aie::Texture>> &std::shared_ptr<Resource<aie::Texture>>::operator =(std::shared_ptr<Resource<aie::Texture>> &&) noexcept'
  l:\git hub saves\game project\project source\project2d\player.cpp(17): note: while trying to match the argument list '(TexturePtr, aie::Texture *)'
l:\git hub saves\game project\project source\project2d\player.cpp(18): error C2679: binary '=': no operator found which takes a right-hand operand of type 'aie::Texture *' (or there is no acceptable conversion)
  c:\program files (x86)\microsoft visual studio 14.0\vc\include\memory(570): note: could be 'std::shared_ptr<Resource<aie::Texture>> &std::shared_ptr<Resource<aie::Texture>>::operator =(const std::shared_ptr<Resource<aie::Texture>> &) noexcept'
  c:\program files (x86)\microsoft visual studio 14.0\vc\include\memory(552): note: or       'std::shared_ptr<Resource<aie::Texture>> &std::shared_ptr<Resource<aie::Texture>>::operator =(std::shared_ptr<Resource<aie::Texture>> &&) noexcept'
  l:\git hub saves\game project\project source\project2d\player.cpp(18): note: while trying to match the argument list '(TexturePtr, aie::Texture *)'
l:\git hub saves\game project\project source\project2d\player.cpp(19): error C2679: binary '=': no operator found which takes a right-hand operand of type 'aie::Texture *' (or there is no acceptable conversion)
  c:\program files (x86)\microsoft visual studio 14.0\vc\include\memory(570): note: could be 'std::shared_ptr<Resource<aie::Texture>> &std::shared_ptr<Resource<aie::Texture>>::operator =(const std::shared_ptr<Resource<aie::Texture>> &) noexcept'
  c:\program files (x86)\microsoft visual studio 14.0\vc\include\memory(552): note: or       'std::shared_ptr<Resource<aie::Texture>> &std::shared_ptr<Resource<aie::Texture>>::operator =(std::shared_ptr<Resource<aie::Texture>> &&) noexcept'
  l:\git hub saves\game project\project source\project2d\player.cpp(19): note: while trying to match the argument list '(TexturePtr, aie::Texture *)'
l:\git hub saves\game project\project source\project2d\player.cpp(20): error C2679: binary '=': no operator found which takes a right-hand operand of type 'aie::Texture *' (or there is no acceptable conversion)
  c:\program files (x86)\microsoft visual studio 14.0\vc\include\memory(570): note: could be 'std::shared_ptr<Resource<aie::Texture>> &std::shared_ptr<Resource<aie::Texture>>::operator =(const std::shared_ptr<Resource<aie::Texture>> &) noexcept'
  c:\program files (x86)\microsoft visual studio 14.0\vc\include\memory(552): note: or       'std::shared_ptr<Resource<aie::Texture>> &std::shared_ptr<Resource<aie::Texture>>::operator =(std::shared_ptr<Resource<aie::Texture>> &&) noexcept'
  l:\git hub saves\game project\project source\project2d\player.cpp(20): note: while trying to match the argument list '(TexturePtr, aie::Texture *)'
l:\git hub saves\game project\project source\project2d\player.cpp(21): error C2679: binary '=': no operator found which takes a right-hand operand of type 'aie::Texture *' (or there is no acceptable conversion)
  c:\program files (x86)\microsoft visual studio 14.0\vc\include\memory(570): note: could be 'std::shared_ptr<Resource<aie::Texture>> &std::shared_ptr<Resource<aie::Texture>>::operator =(const std::shared_ptr<Resource<aie::Texture>> &) noexcept'
  c:\program files (x86)\microsoft visual studio 14.0\vc\include\memory(552): note: or       'std::shared_ptr<Resource<aie::Texture>> &std::shared_ptr<Resource<aie::Texture>>::operator =(std::shared_ptr<Resource<aie::Texture>> &&) noexcept'
  l:\git hub saves\game project\project source\project2d\player.cpp(21): note: while trying to match the argument list '(TexturePtr, aie::Texture *)'
l:\git hub saves\game project\project source\project2d\player.cpp(24): error C2679: binary '=': no operator found which takes a right-hand operand of type 'aie::Texture *' (or there is no acceptable conversion)
  c:\program files (x86)\microsoft visual studio 14.0\vc\include\memory(570): note: could be 'std::shared_ptr<Resource<aie::Texture>> &std::shared_ptr<Resource<aie::Texture>>::operator =(const std::shared_ptr<Resource<aie::Texture>> &) noexcept'
  c:\program files (x86)\microsoft visual studio 14.0\vc\include\memory(552): note: or       'std::shared_ptr<Resource<aie::Texture>> &std::shared_ptr<Resource<aie::Texture>>::operator =(std::shared_ptr<Resource<aie::Texture>> &&) noexcept'
  l:\git hub saves\game project\project source\project2d\player.cpp(24): note: while trying to match the argument list '(TexturePtr, aie::Texture *)'
l:\git hub saves\game project\project source\project2d\player.cpp(25): error C2679: binary '=': no operator found which takes a right-hand operand of type 'aie::Texture *' (or there is no acceptable conversion)
  c:\program files (x86)\microsoft visual studio 14.0\vc\include\memory(570): note: could be 'std::shared_ptr<Resource<aie::Texture>> &std::shared_ptr<Resource<aie::Texture>>::operator =(const std::shared_ptr<Resource<aie::Texture>> &) noexcept'
  c:\program files (x86)\microsoft visual studio 14.0\vc\include\memory(552): note: or       'std::shared_ptr<Resource<aie::Texture>> &std::shared_ptr<Resource<aie::Texture>>::operator =(std::shared_ptr<Resource<aie::Texture>> &&) noexcept'
  l:\git hub saves\game project\project source\project2d\player.cpp(25): note: while trying to match the argument list '(TexturePtr, aie::Texture *)'
l:\git hub saves\game project\project source\project2d\player.cpp(26): error C2679: binary '=': no operator found which takes a right-hand operand of type 'aie::Texture *' (or there is no acceptable conversion)
  c:\program files (x86)\microsoft visual studio 14.0\vc\include\memory(570): note: could be 'std::shared_ptr<Resource<aie::Texture>> &std::shared_ptr<Resource<aie::Texture>>::operator =(const std::shared_ptr<Resource<aie::Texture>> &) noexcept'
  c:\program files (x86)\microsoft visual studio 14.0\vc\include\memory(552): note: or       'std::shared_ptr<Resource<aie::Texture>> &std::shared_ptr<Resource<aie::Texture>>::operator =(std::shared_ptr<Resource<aie::Texture>> &&) noexcept'
  l:\git hub saves\game project\project source\project2d\player.cpp(26): note: while trying to match the argument list '(TexturePtr, aie::Texture *)'
l:\git hub saves\game project\project source\project2d\player.cpp(27): error C2679: binary '=': no operator found which takes a right-hand operand of type 'aie::Texture *' (or there is no acceptable conversion)
  c:\program files (x86)\microsoft visual studio 14.0\vc\include\memory(570): note: could be 'std::shared_ptr<Resource<aie::Texture>> &std::shared_ptr<Resource<aie::Texture>>::operator =(const std::shared_ptr<Resource<aie::Texture>> &) noexcept'
  c:\program files (x86)\microsoft visual studio 14.0\vc\include\memory(552): note: or       'std::shared_ptr<Resource<aie::Texture>> &std::shared_ptr<Resource<aie::Texture>>::operator =(std::shared_ptr<Resource<aie::Texture>> &&) noexcept'
  l:\git hub saves\game project\project source\project2d\player.cpp(27): note: while trying to match the argument list '(TexturePtr, aie::Texture *)'
l:\git hub saves\game project\project source\project2d\player.cpp(28): error C2679: binary '=': no operator found which takes a right-hand operand of type 'aie::Texture *' (or there is no acceptable conversion)
  c:\program files (x86)\microsoft visual studio 14.0\vc\include\memory(570): note: could be 'std::shared_ptr<Resource<aie::Texture>> &std::shared_ptr<Resource<aie::Texture>>::operator =(const std::shared_ptr<Resource<aie::Texture>> &) noexcept'
  c:\program files (x86)\microsoft visual studio 14.0\vc\include\memory(552): note: or       'std::shared_ptr<Resource<aie::Texture>> &std::shared_ptr<Resource<aie::Texture>>::operator =(std::shared_ptr<Resource<aie::Texture>> &&) noexcept'
  l:\git hub saves\game project\project source\project2d\player.cpp(28): note: while trying to match the argument list '(TexturePtr, aie::Texture *)'
l:\git hub saves\game project\project source\project2d\player.cpp(29): error C2679: binary '=': no operator found which takes a right-hand operand of type 'aie::Texture *' (or there is no acceptable conversion)
  c:\program files (x86)\microsoft visual studio 14.0\vc\include\memory(570): note: could be 'std::shared_ptr<Resource<aie::Texture>> &std::shared_ptr<Resource<aie::Texture>>::operator =(const std::shared_ptr<Resource<aie::Texture>> &) noexcept'
  c:\program files (x86)\microsoft visual studio 14.0\vc\include\memory(552): note: or       'std::shared_ptr<Resource<aie::Texture>> &std::shared_ptr<Resource<aie::Texture>>::operator =(std::shared_ptr<Resource<aie::Texture>> &&) noexcept'
  l:\git hub saves\game project\project source\project2d\player.cpp(29): note: while trying to match the argument list '(TexturePtr, aie::Texture *)'
l:\git hub saves\game project\project source\project2d\player.cpp(30): error C2679: binary '=': no operator found which takes a right-hand operand of type 'aie::Texture *' (or there is no acceptable conversion)
  c:\program files (x86)\microsoft visual studio 14.0\vc\include\memory(570): note: could be 'std::shared_ptr<Resource<aie::Texture>> &std::shared_ptr<Resource<aie::Texture>>::operator =(const std::shared_ptr<Resource<aie::Texture>> &) noexcept'
  c:\program files (x86)\microsoft visual studio 14.0\vc\include\memory(552): note: or       'std::shared_ptr<Resource<aie::Texture>> &std::shared_ptr<Resource<aie::Texture>>::operator =(std::shared_ptr<Resource<aie::Texture>> &&) noexcept'
  l:\git hub saves\game project\project source\project2d\player.cpp(30): note: while trying to match the argument list '(TexturePtr, aie::Texture *)'
l:\git hub saves\game project\project source\project2d\player.cpp(31): error C2679: binary '=': no operator found which takes a right-hand operand of type 'aie::Texture *' (or there is no acceptable conversion)
  c:\program files (x86)\microsoft visual studio 14.0\vc\include\memory(570): note: could be 'std::shared_ptr<Resource<aie::Texture>> &std::shared_ptr<Resource<aie::Texture>>::operator =(const std::shared_ptr<Resource<aie::Texture>> &) noexcept'
  c:\program files (x86)\microsoft visual studio 14.0\vc\include\memory(552): note: or       'std::shared_ptr<Resource<aie::Texture>> &std::shared_ptr<Resource<aie::Texture>>::operator =(std::shared_ptr<Resource<aie::Texture>> &&) noexcept'
  l:\git hub saves\game project\project source\project2d\player.cpp(31): note: while trying to match the argument list '(TexturePtr, aie::Texture *)'
l:\git hub saves\game project\project source\project2d\player.cpp(32): error C2679: binary '=': no operator found which takes a right-hand operand of type 'aie::Texture *' (or there is no acceptable conversion)
  c:\program files (x86)\microsoft visual studio 14.0\vc\include\memory(570): note: could be 'std::shared_ptr<Resource<aie::Texture>> &std::shared_ptr<Resource<aie::Texture>>::operator =(const std::shared_ptr<Resource<aie::Texture>> &) noexcept'
  c:\program files (x86)\microsoft visual studio 14.0\vc\include\memory(552): note: or       'std::shared_ptr<Resource<aie::Texture>> &std::shared_ptr<Resource<aie::Texture>>::operator =(std::shared_ptr<Resource<aie::Texture>> &&) noexcept'
  l:\git hub saves\game project\project source\project2d\player.cpp(32): note: while trying to match the argument list '(TexturePtr, aie::Texture *)'
l:\git hub saves\game project\project source\project2d\player.cpp(33): error C2679: binary '=': no operator found which takes a right-hand operand of type 'aie::Texture *' (or there is no acceptable conversion)
  c:\program files (x86)\microsoft visual studio 14.0\vc\include\memory(570): note: could be 'std::shared_ptr<Resource<aie::Texture>> &std::shared_ptr<Resource<aie::Texture>>::operator =(const std::shared_ptr<Resource<aie::Texture>> &) noexcept'
  c:\program files (x86)\microsoft visual studio 14.0\vc\include\memory(552): note: or       'std::shared_ptr<Resource<aie::Texture>> &std::shared_ptr<Resource<aie::Texture>>::operator =(std::shared_ptr<Resource<aie::Texture>> &&) noexcept'
  l:\git hub saves\game project\project source\project2d\player.cpp(33): note: while trying to match the argument list '(TexturePtr, aie::Texture *)'
l:\git hub saves\game project\project source\project2d\player.cpp(34): error C2679: binary '=': no operator found which takes a right-hand operand of type 'aie::Texture *' (or there is no acceptable conversion)
  c:\program files (x86)\microsoft visual studio 14.0\vc\include\memory(570): note: could be 'std::shared_ptr<Resource<aie::Texture>> &std::shared_ptr<Resource<aie::Texture>>::operator =(const std::shared_ptr<Resource<aie::Texture>> &) noexcept'
  c:\program files (x86)\microsoft visual studio 14.0\vc\include\memory(552): note: or       'std::shared_ptr<Resource<aie::Texture>> &std::shared_ptr<Resource<aie::Texture>>::operator =(std::shared_ptr<Resource<aie::Texture>> &&) noexcept'
  l:\git hub saves\game project\project source\project2d\player.cpp(34): note: while trying to match the argument list '(TexturePtr, aie::Texture *)'
l:\git hub saves\game project\project source\project2d\player.cpp(35): error C2679: binary '=': no operator found which takes a right-hand operand of type 'aie::Texture *' (or there is no acceptable conversion)
  c:\program files (x86)\microsoft visual studio 14.0\vc\include\memory(570): note: could be 'std::shared_ptr<Resource<aie::Texture>> &std::shared_ptr<Resource<aie::Texture>>::operator =(const std::shared_ptr<Resource<aie::Texture>> &) noexcept'
  c:\program files (x86)\microsoft visual studio 14.0\vc\include\memory(552): note: or       'std::shared_ptr<Resource<aie::Texture>> &std::shared_ptr<Resource<aie::Texture>>::operator =(std::shared_ptr<Resource<aie::Texture>> &&) noexcept'
  l:\git hub saves\game project\project source\project2d\player.cpp(35): note: while trying to match the argument list '(TexturePtr, aie::Texture *)'
l:\git hub saves\game project\project source\project2d\player.cpp(36): error C2679: binary '=': no operator found which takes a right-hand operand of type 'aie::Texture *' (or there is no acceptable conversion)
  c:\program files (x86)\microsoft visual studio 14.0\vc\include\memory(570): note: could be 'std::shared_ptr<Resource<aie::Texture>> &std::shared_ptr<Resource<aie::Texture>>::operator =(const std::shared_ptr<Resource<aie::Texture>> &) noexcept'
  c:\program files (x86)\microsoft visual studio 14.0\vc\include\memory(552): note: or       'std::shared_ptr<Resource<aie::Texture>> &std::shared_ptr<Resource<aie::Texture>>::operator =(std::shared_ptr<Resource<aie::Texture>> &&) noexcept'
  l:\git hub saves\game project\project source\project2d\player.cpp(36): note: while trying to match the argument list '(TexturePtr, aie::Texture *)'
l:\git hub saves\game project\project source\project2d\player.cpp(37): error C2679: binary '=': no operator found which takes a right-hand operand of type 'aie::Texture *' (or there is no acceptable conversion)
  c:\program files (x86)\microsoft visual studio 14.0\vc\include\memory(570): note: could be 'std::shared_ptr<Resource<aie::Texture>> &std::shared_ptr<Resource<aie::Texture>>::operator =(const std::shared_ptr<Resource<aie::Texture>> &) noexcept'
  c:\program files (x86)\microsoft visual studio 14.0\vc\include\memory(552): note: or       'std::shared_ptr<Resource<aie::Texture>> &std::shared_ptr<Resource<aie::Texture>>::operator =(std::shared_ptr<Resource<aie::Texture>> &&) noexcept'
  l:\git hub saves\game project\project source\project2d\player.cpp(37): note: while trying to match the argument list '(TexturePtr, aie::Texture *)'
l:\git hub saves\game project\project source\project2d\player.cpp(38): error C2679: binary '=': no operator found which takes a right-hand operand of type 'aie::Texture *' (or there is no acceptable conversion)
  c:\program files (x86)\microsoft visual studio 14.0\vc\include\memory(570): note: could be 'std::shared_ptr<Resource<aie::Texture>> &std::shared_ptr<Resource<aie::Texture>>::operator =(const std::shared_ptr<Resource<aie::Texture>> &) noexcept'
  c:\program files (x86)\microsoft visual studio 14.0\vc\include\memory(552): note: or       'std::shared_ptr<Resource<aie::Texture>> &std::shared_ptr<Resource<aie::Texture>>::operator =(std::shared_ptr<Resource<aie::Texture>> &&) noexcept'
  l:\git hub saves\game project\project source\project2d\player.cpp(38): note: while trying to match the argument list '(TexturePtr, aie::Texture *)'
l:\git hub saves\game project\project source\project2d\player.cpp(39): error C2679: binary '=': no operator found which takes a right-hand operand of type 'aie::Texture *' (or there is no acceptable conversion)
  c:\program files (x86)\microsoft visual studio 14.0\vc\include\memory(570): note: could be 'std::shared_ptr<Resource<aie::Texture>> &std::shared_ptr<Resource<aie::Texture>>::operator =(const std::shared_ptr<Resource<aie::Texture>> &) noexcept'
  c:\program files (x86)\microsoft visual studio 14.0\vc\include\memory(552): note: or       'std::shared_ptr<Resource<aie::Texture>> &std::shared_ptr<Resource<aie::Texture>>::operator =(std::shared_ptr<Resource<aie::Texture>> &&) noexcept'
  l:\git hub saves\game project\project source\project2d\player.cpp(39): note: while trying to match the argument list '(TexturePtr, aie::Texture *)'
l:\git hub saves\game project\project source\project2d\player.cpp(75): error C2664: 'void aie::Renderer2D::drawSpriteTransformed3x3(aie::Texture *,float *,float,float,float,float,float)': cannot convert argument 1 from 'TexturePtr' to 'aie::Texture *'
  l:\git hub saves\game project\project source\project2d\player.cpp(75): note: No user-defined-conversion operator available that can perform this conversion, or the operator cannot be called
l:\git hub saves\game project\project source\project2d\player.cpp(95): error C2664: 'Animation::Animation(const Animation &)': cannot convert argument 2 from 'TexturePtr [8]' to 'aie::Texture **'
  l:\git hub saves\game project\project source\project2d\player.cpp(95): note: Types pointed to are unrelated; conversion requires reinterpret_cast, C-style cast or function-style cast
l:\git hub saves\game project\project source\project2d\player.cpp(103): error C2664: 'Animation::Animation(const Animation &)': cannot convert argument 2 from 'TexturePtr [16]' to 'aie::Texture **'
  l:\git hub saves\game project\project source\project2d\player.cpp(103): note: Types pointed to are unrelated; conversion requires reinterpret_cast, C-style cast or function-style cast
  InGameState.cpp
  Asteroid.cpp
l:\git hub saves\game project\project source\project2d\asteroid.cpp(8): error C2679: binary '=': no operator found which takes a right-hand operand of type 'aie::Texture *' (or there is no acceptable conversion)
  c:\program files (x86)\microsoft visual studio 14.0\vc\include\memory(570): note: could be 'std::shared_ptr<Resource<aie::Texture>> &std::shared_ptr<Resource<aie::Texture>>::operator =(const std::shared_ptr<Resource<aie::Texture>> &) noexcept'
  c:\program files (x86)\microsoft visual studio 14.0\vc\include\memory(552): note: or       'std::shared_ptr<Resource<aie::Texture>> &std::shared_ptr<Resource<aie::Texture>>::operator =(std::shared_ptr<Resource<aie::Texture>> &&) noexcept'
  l:\git hub saves\game project\project source\project2d\asteroid.cpp(8): note: while trying to match the argument list '(TexturePtr, aie::Texture *)'
l:\git hub saves\game project\project source\project2d\asteroid.cpp(43): error C2664: 'void aie::Renderer2D::drawSpriteTransformed3x3(aie::Texture *,float *,float,float,float,float,float)': cannot convert argument 1 from 'TexturePtr' to 'aie::Texture *'
  l:\git hub saves\game project\project source\project2d\asteroid.cpp(43): note: No user-defined-conversion operator available that can perform this conversion, or the operator cannot be called
  Application2D.cpp
  Generating Code...
