e:\to do\maths demo project source\temp\bootstrap\debug\bootstrap.pdb
e:\to do\maths demo project source\temp\bootstrap\debug\bootstrap.idb
e:\to do\maths demo project source\temp\bootstrap\debug\imgui.obj
e:\to do\maths demo project source\temp\bootstrap\debug\imgui_draw.obj
e:\to do\maths demo project source\temp\bootstrap\debug\application.obj
e:\to do\maths demo project source\temp\bootstrap\debug\audio.obj
e:\to do\maths demo project source\temp\bootstrap\debug\font.obj
e:\to do\maths demo project source\temp\bootstrap\debug\gizmos.obj
e:\to do\maths demo project source\temp\bootstrap\debug\imgui_glfw3.obj
e:\to do\maths demo project source\temp\bootstrap\debug\input.obj
e:\to do\maths demo project source\temp\bootstrap\debug\renderer2d.obj
e:\to do\maths demo project source\temp\bootstrap\debug\soundmanager.obj
e:\to do\maths demo project source\temp\bootstrap\debug\texture.obj
e:\to do\maths demo project source\temp\bootstrap\debug\gl_core_4_4.obj
l:\git hub saves\game project\project source\temp\bootstrap\debug\bootstrap.pdb
l:\git hub saves\game project\project source\temp\bootstrap\debug\bootstrap.idb
l:\git hub saves\game project\project source\temp\bootstrap\debug\imgui.obj
l:\git hub saves\game project\project source\temp\bootstrap\debug\imgui_draw.obj
l:\git hub saves\game project\project source\temp\bootstrap\debug\application.obj
l:\git hub saves\game project\project source\temp\bootstrap\debug\audio.obj
l:\git hub saves\game project\project source\temp\bootstrap\debug\font.obj
l:\git hub saves\game project\project source\temp\bootstrap\debug\gizmos.obj
l:\git hub saves\game project\project source\temp\bootstrap\debug\imgui_glfw3.obj
l:\git hub saves\game project\project source\temp\bootstrap\debug\input.obj
l:\git hub saves\game project\project source\temp\bootstrap\debug\renderer2d.obj
l:\git hub saves\game project\project source\temp\bootstrap\debug\soundmanager.obj
l:\git hub saves\game project\project source\temp\bootstrap\debug\texture.obj
l:\git hub saves\game project\project source\temp\bootstrap\debug\gl_core_4_4.obj
e:\to do\maths demo project source\temp\bootstrap\debug\bootstrap.lib
l:\git hub saves\game project\project source\temp\bootstrap\debug\bootstrap.lib
l:\git hub saves\game project\project source\temp\bootstrap\debug\bootstrap.tlog\cl.command.1.tlog
l:\git hub saves\game project\project source\temp\bootstrap\debug\bootstrap.tlog\cl.read.1.tlog
l:\git hub saves\game project\project source\temp\bootstrap\debug\bootstrap.tlog\cl.write.1.tlog
l:\git hub saves\game project\project source\temp\bootstrap\debug\bootstrap.tlog\lib-link.read.1.tlog
l:\git hub saves\game project\project source\temp\bootstrap\debug\bootstrap.tlog\lib-link.write.1.tlog
l:\git hub saves\game project\project source\temp\bootstrap\debug\bootstrap.tlog\lib.command.1.tlog
